<?xml version="1.0" encoding="UTF-8"?>
<testsuite name="com.kodea.tdd.calc.CalcTest" tests="6" skipped="0" failures="0" errors="0" timestamp="2016-08-03T16:40:38" hostname="FdoVial" time="0.007">
  <properties/>
  <testcase name="checkInstance" classname="com.kodea.tdd.calc.CalcTest" time="0.004"/>
  <testcase name="checkDivideByZero" classname="com.kodea.tdd.calc.CalcTest" time="0.001"/>
  <testcase name="checkMultiplyTwoIntegers" classname="com.kodea.tdd.calc.CalcTest" time="0.0"/>
  <testcase name="checkSubtractTwoIntegers" classname="com.kodea.tdd.calc.CalcTest" time="0.0"/>
  <testcase name="checkDivideTwoIntegers" classname="com.kodea.tdd.calc.CalcTest" time="0.0"/>
  <testcase name="checkAddTwoIntegers" classname="com.kodea.tdd.calc.CalcTest" time="0.0"/>
  <system-out><![CDATA[]]></system-out>
  <system-err><![CDATA[]]></system-err>
</testsuite>
